<?xml version="1.0" encoding="UTF-8"?>
<!-- Generated by org.testng.reporters.JUnitReportReporter -->
<testsuite skipped="0" hostname="DESKTOP-FLV1Q8H" name="TestCases.testLogin" tests="1" failures="0" timestamp="18 Dec 2019 12:40:02 GMT" time="13.627" errors="0">
  <testcase name="login" time="13.627" classname="TestCases.testLogin"/>
</testsuite> <!-- TestCases.testLogin -->
