<?xml version="1.0" encoding="UTF-8"?>
<!-- Generated by org.testng.reporters.JUnitReportReporter -->
<testsuite skipped="0" hostname="DESKTOP-FLV1Q8H" name="TestCases.TC018_AssignSuiteAdmin" tests="1" failures="0" timestamp="09 Jan 2020 10:59:41 GMT" time="111.014" errors="0">
  <testcase name="AssignSuiteAdmin" time="111.014" classname="TestCases.TC018_AssignSuiteAdmin"/>
</testsuite> <!-- TestCases.TC018_AssignSuiteAdmin -->
