<?xml version="1.0" encoding="UTF-8"?>
<!-- Generated by org.testng.reporters.JUnitReportReporter -->
<testsuite skipped="0" hostname="DESKTOP-FLV1Q8H" name="TestCases.TC016_SetRightsfortheFolder" tests="1" failures="0" timestamp="17 Dec 2019 13:26:19 GMT" time="114.222" errors="0">
  <testcase name="setAccessRightsfortheFolder" time="114.222" classname="TestCases.TC016_SetRightsfortheFolder"/>
</testsuite> <!-- TestCases.TC016_SetRightsfortheFolder -->
