<?xml version="1.0" encoding="UTF-8"?>
<!-- Generated by org.testng.reporters.JUnitReportReporter -->
<testsuite skipped="0" hostname="DESKTOP-FLV1Q8H" name="TestCases.TC015_ValidateDocDetails" tests="1" failures="0" timestamp="08 Jan 2020 09:36:21 GMT" time="59.784" errors="0">
  <testcase name="ValidateDocDetails" time="59.784" classname="TestCases.TC015_ValidateDocDetails"/>
</testsuite> <!-- TestCases.TC015_ValidateDocDetails -->
