<?xml version="1.0" encoding="UTF-8"?>
<!-- Generated by org.testng.reporters.JUnitReportReporter -->
<testsuite skipped="0" hostname="DESKTOP-FLV1Q8H" name="MultiTestData.MultipleUserCreation" tests="18" failures="0" timestamp="08 Jan 2020 10:36:59 GMT" time="901.640" errors="0">
  <testcase name="addUsers" time="51.314" classname="MultiTestData.MultipleUserCreation"/>
  <testcase name="addUsers" time="49.307" classname="MultiTestData.MultipleUserCreation"/>
  <testcase name="addUsers" time="50.644" classname="MultiTestData.MultipleUserCreation"/>
  <testcase name="addUsers" time="50.417" classname="MultiTestData.MultipleUserCreation"/>
  <testcase name="addUsers" time="49.259" classname="MultiTestData.MultipleUserCreation"/>
  <testcase name="addUsers" time="51.040" classname="MultiTestData.MultipleUserCreation"/>
  <testcase name="addUsers" time="49.271" classname="MultiTestData.MultipleUserCreation"/>
  <testcase name="addUsers" time="50.289" classname="MultiTestData.MultipleUserCreation"/>
  <testcase name="addUsers" time="52.680" classname="MultiTestData.MultipleUserCreation"/>
  <testcase name="addUsers" time="49.173" classname="MultiTestData.MultipleUserCreation"/>
  <testcase name="addUsers" time="49.244" classname="MultiTestData.MultipleUserCreation"/>
  <testcase name="addUsers" time="48.473" classname="MultiTestData.MultipleUserCreation"/>
  <testcase name="addUsers" time="49.992" classname="MultiTestData.MultipleUserCreation"/>
  <testcase name="addUsers" time="49.093" classname="MultiTestData.MultipleUserCreation"/>
  <testcase name="addUsers" time="52.610" classname="MultiTestData.MultipleUserCreation"/>
  <testcase name="addUsers" time="49.349" classname="MultiTestData.MultipleUserCreation"/>
  <testcase name="addUsers" time="49.371" classname="MultiTestData.MultipleUserCreation"/>
  <testcase name="addUsers" time="50.114" classname="MultiTestData.MultipleUserCreation"/>
</testsuite> <!-- MultiTestData.MultipleUserCreation -->
