<?xml version="1.0" encoding="UTF-8"?>
<!-- Generated by org.testng.reporters.JUnitReportReporter -->
<testsuite skipped="14" hostname="DESKTOP-PGLOV37" name="TestCases.BasicSuiteFunctionality" tests="15" failures="0" timestamp="2020-06-25T15:33:34 IST" time="10.673" errors="1">
  <testcase name="login" time="0.000" classname="TestCases.BasicSuiteFunctionality">
    <skipped/>
  </testcase> <!-- login -->
  <testcase name="login" time="0.000" classname="TestCases.BasicSuiteFunctionality">
    <skipped/>
  </testcase> <!-- login -->
  <testcase name="login" time="0.000" classname="TestCases.BasicSuiteFunctionality">
    <skipped/>
  </testcase> <!-- login -->
  <testcase name="login" time="0.000" classname="TestCases.BasicSuiteFunctionality">
    <skipped/>
  </testcase> <!-- login -->
  <testcase name="login" time="0.000" classname="TestCases.BasicSuiteFunctionality">
    <skipped/>
  </testcase> <!-- login -->
  <testcase name="login" time="0.000" classname="TestCases.BasicSuiteFunctionality">
    <skipped/>
  </testcase> <!-- login -->
  <testcase name="login" time="0.000" classname="TestCases.BasicSuiteFunctionality">
    <skipped/>
  </testcase> <!-- login -->
  <testcase name="login" time="0.000" classname="TestCases.BasicSuiteFunctionality">
    <skipped/>
  </testcase> <!-- login -->
  <testcase name="login" time="0.000" classname="TestCases.BasicSuiteFunctionality">
    <skipped/>
  </testcase> <!-- login -->
  <testcase name="login" time="0.000" classname="TestCases.BasicSuiteFunctionality">
    <skipped/>
  </testcase> <!-- login -->
  <testcase name="beforeSuite" time="10.673" classname="TestCases.BasicSuiteFunctionality">
    <error type="java.lang.NullPointerException">
      <![CDATA[java.lang.NullPointerException
at Utilities.Reporter.reportStep(Reporter.java:25)
at Utilities.Reporter.reportStep(Reporter.java:43)
at CommonMethods.SeMethods.startApp(SeMethods.java:96)
at CommonMethods.ProjectMethods.beforeSuite(ProjectMethods.java:28)
at sun.reflect.NativeMethodAccessorImpl.invoke0(Native Method)
at sun.reflect.NativeMethodAccessorImpl.invoke(Unknown Source)
at sun.reflect.DelegatingMethodAccessorImpl.invoke(Unknown Source)
at java.lang.reflect.Method.invoke(Unknown Source)
at org.testng.internal.MethodInvocationHelper.invokeMethod(MethodInvocationHelper.java:133)
at org.testng.internal.MethodInvocationHelper.invokeMethodConsideringTimeout(MethodInvocationHelper.java:62)
at org.testng.internal.ConfigInvoker.invokeConfigurationMethod(ConfigInvoker.java:340)
at org.testng.internal.ConfigInvoker.invokeConfigurations(ConfigInvoker.java:294)
at org.testng.SuiteRunner.privateRun(SuiteRunner.java:345)
at org.testng.SuiteRunner.run(SuiteRunner.java:304)
at org.testng.SuiteRunnerWorker.runSuite(SuiteRunnerWorker.java:53)
at org.testng.SuiteRunnerWorker.run(SuiteRunnerWorker.java:96)
at org.testng.TestNG.runSuitesSequentially(TestNG.java:1180)
at org.testng.TestNG.runSuitesLocally(TestNG.java:1102)
at org.testng.TestNG.runSuites(TestNG.java:1032)
at org.testng.TestNG.run(TestNG.java:1000)
at org.testng.remote.AbstractRemoteTestNG.run(AbstractRemoteTestNG.java:115)
at org.testng.remote.RemoteTestNG.initAndRun(RemoteTestNG.java:251)
at org.testng.remote.RemoteTestNG.main(RemoteTestNG.java:77)
]]>
    </error>
  </testcase> <!-- beforeSuite -->
  <testcase name="login" time="0.000" classname="TestCases.BasicSuiteFunctionality">
    <skipped/>
  </testcase> <!-- login -->
  <testcase name="login" time="0.000" classname="TestCases.BasicSuiteFunctionality">
    <skipped/>
  </testcase> <!-- login -->
  <testcase name="login" time="0.000" classname="TestCases.BasicSuiteFunctionality">
    <skipped/>
  </testcase> <!-- login -->
  <testcase name="login" time="0.000" classname="TestCases.BasicSuiteFunctionality">
    <skipped/>
  </testcase> <!-- login -->
</testsuite> <!-- TestCases.BasicSuiteFunctionality -->
