<?xml version="1.0" encoding="UTF-8"?>
<!-- Generated by org.testng.reporters.JUnitReportReporter -->
<testsuite skipped="0" hostname="DESKTOP-FLV1Q8H" name="TestCases.TC017_CreateGroups" tests="1" failures="0" timestamp="17 Dec 2019 07:35:14 GMT" time="113.278" errors="0">
  <testcase name="createGroups" time="113.278" classname="TestCases.TC017_CreateGroups"/>
</testsuite> <!-- TestCases.TC017_CreateGroups -->
