<?xml version="1.0" encoding="UTF-8"?>
<!-- Generated by org.testng.reporters.JUnitReportReporter -->
<testsuite skipped="0" hostname="DESKTOP-FLV1Q8H" name="TestCases.TC011_DraftRequestsNeedingViewing" tests="1" failures="0" timestamp="06 Jan 2020 05:57:07 GMT" time="69.088" errors="0">
  <testcase name="changedraftToDocument" time="69.088" classname="TestCases.TC011_DraftRequestsNeedingViewing"/>
</testsuite> <!-- TestCases.TC011_DraftRequestsNeedingViewing -->
