<?xml version="1.0" encoding="UTF-8"?>
<!-- Generated by org.testng.reporters.JUnitReportReporter -->
<testsuite skipped="0" hostname="DESKTOP-FLV1Q8H" name="TestCases.TC012_PendingDocumentDrafts" tests="1" failures="0" timestamp="06 Jan 2020 07:55:49 GMT" time="64.269" errors="0">
  <testcase name="changedraftToDocument" time="64.269" classname="TestCases.TC012_PendingDocumentDrafts"/>
</testsuite> <!-- TestCases.TC012_PendingDocumentDrafts -->
