<?xml version="1.0" encoding="UTF-8"?>
<!-- Generated by org.testng.reporters.JUnitReportReporter -->
<testsuite skipped="0" hostname="DESKTOP-FLV1Q8H" name="TestCases.TC013_ViewDocumentinTOC" tests="1" failures="0" timestamp="08 Jan 2020 09:08:59 GMT" time="75.247" errors="0">
  <testcase name="viewDocument" time="75.247" classname="TestCases.TC013_ViewDocumentinTOC"/>
</testsuite> <!-- TestCases.TC013_ViewDocumentinTOC -->
