<?xml version="1.0" encoding="UTF-8"?>
<!-- Generated by org.testng.reporters.JUnitReportReporter -->
<testsuite skipped="0" hostname="DESKTOP-FLV1Q8H" name="TestCases.TC014_DocumentRevision" tests="1" failures="0" timestamp="07 Jan 2020 12:06:10 GMT" time="62.443" errors="0">
  <testcase name="DocumentRevision" time="62.443" classname="TestCases.TC014_DocumentRevision"/>
</testsuite> <!-- TestCases.TC014_DocumentRevision -->
