<?xml version="1.0" encoding="UTF-8"?>
<!-- Generated by org.testng.reporters.JUnitReportReporter -->
<testsuite skipped="0" hostname="DESKTOP-FLV1Q8H" name="TestCases.BasicSuiteFunctionality" tests="6" failures="0" timestamp="05 Feb 2020 08:53:57 GMT" time="342.577" errors="0">
  <testcase name="login" time="111.795" classname="TestCases.BasicSuiteFunctionality"/>
  <testcase name="login" time="7.737" classname="TestCases.BasicSuiteFunctionality"/>
  <testcase name="login" time="52.344" classname="TestCases.BasicSuiteFunctionality"/>
  <testcase name="login" time="116.349" classname="TestCases.BasicSuiteFunctionality"/>
  <testcase name="login" time="38.641" classname="TestCases.BasicSuiteFunctionality"/>
  <testcase name="login" time="15.711" classname="TestCases.BasicSuiteFunctionality"/>
</testsuite> <!-- TestCases.BasicSuiteFunctionality -->
