<?xml version="1.0" encoding="UTF-8"?>
<!-- Generated by org.testng.reporters.JUnitReportReporter -->
<testsuite skipped="0" hostname="DESKTOP-FLV1Q8H" name="TC.TC001_Levels" tests="3" failures="0" timestamp="18 Dec 2019 09:16:33 GMT" time="191.387" errors="0">
  <testcase name="login" time="62.745" classname="TC.TC001_Levels"/>
  <testcase name="login" time="66.721" classname="TC.TC001_Levels"/>
  <testcase name="login" time="61.921" classname="TC.TC001_Levels"/>
</testsuite> <!-- TC.TC001_Levels -->
