<?xml version="1.0" encoding="UTF-8"?>
<!-- Generated by org.testng.reporters.JUnitReportReporter -->
<testsuite skipped="0" hostname="DESKTOP-FLV1Q8H" name="TestCases.TC010_RequestADraft" tests="1" failures="0" timestamp="03 Jan 2020 06:39:30 GMT" time="184.798" errors="0">
  <testcase name="requestDraft" time="184.798" classname="TestCases.TC010_RequestADraft"/>
</testsuite> <!-- TestCases.TC010_RequestADraft -->
